<?xml version="1.0" encoding="UTF-8"?>
<testsuite xmlns:xsi="http://www.w3.org/2001/XMLSchema-instance" xsi:noNamespaceSchemaLocation="https://maven.apache.org/surefire/maven-surefire-plugin/xsd/surefire-test-report.xsd" name="com.burger.mapper.MomsTouchMapperTest" time="0.315" tests="1" errors="1" skipped="0" failures="0">
  <properties>
[...]
</properties>
  <testcase name="selectTest" classname="com.burger.mapper.MomsTouchMapperTest" time="0.005">
    <error message="No ParameterResolver registered for parameter [com.burger.service.MomsTouchService momsTouchService] in executable [public com.burger.mapper.MomsTouchMapperTest(com.burger.service.MomsTouchService)]." type="org.junit.jupiter.api.extension.ParameterResolutionException">org.junit.jupiter.api.extension.ParameterResolutionException: No ParameterResolver registered for parameter [com.burger.service.MomsTouchService momsTouchService] in executable [public com.burger.mapper.MomsTouchMapperTest(com.burger.service.MomsTouchService)].
</error>
    <system-out><![CDATA[19:39:39.972 [main] DEBUG org.springframework.test.context.BootstrapUtils - Instantiating CacheAwareContextLoaderDelegate from class [org.springframework.test.context.cache.DefaultCacheAwareContextLoaderDelegate]
19:39:39.980 [main] DEBUG org.springframework.test.context.BootstrapUtils - Instantiating BootstrapContext using constructor [public org.springframework.test.context.support.DefaultBootstrapContext(java.lang.Class,org.springframework.test.context.CacheAwareContextLoaderDelegate)]
19:39:40.001 [main] DEBUG org.springframework.test.context.BootstrapUtils - Instantiating TestContextBootstrapper for test class [com.burger.mapper.MomsTouchMapperTest] from class [org.springframework.boot.test.context.SpringBootTestContextBootstrapper]
19:39:40.012 [main] INFO org.springframework.boot.test.context.SpringBootTestContextBootstrapper - Neither @ContextConfiguration nor @ContextHierarchy found for test class [com.burger.mapper.MomsTouchMapperTest], using SpringBootContextLoader
19:39:40.016 [main] DEBUG org.springframework.test.context.support.AbstractContextLoader - Did not detect default resource location for test class [com.burger.mapper.MomsTouchMapperTest]: class path resource [com/burger/mapper/MomsTouchMapperTest-context.xml] does not exist
19:39:40.016 [main] DEBUG org.springframework.test.context.support.AbstractContextLoader - Did not detect default resource location for test class [com.burger.mapper.MomsTouchMapperTest]: class path resource [com/burger/mapper/MomsTouchMapperTestContext.groovy] does not exist
19:39:40.016 [main] INFO org.springframework.test.context.support.AbstractContextLoader - Could not detect default resource locations for test class [com.burger.mapper.MomsTouchMapperTest]: no resource found for suffixes {-context.xml, Context.groovy}.
19:39:40.017 [main] INFO org.springframework.test.context.support.AnnotationConfigContextLoaderUtils - Could not detect default configuration classes for test class [com.burger.mapper.MomsTouchMapperTest]: MomsTouchMapperTest does not declare any static, non-private, non-final, nested classes annotated with @Configuration.
19:39:40.051 [main] DEBUG org.springframework.test.context.support.ActiveProfilesUtils - Could not find an 'annotation declaring class' for annotation type [org.springframework.test.context.ActiveProfiles] and class [com.burger.mapper.MomsTouchMapperTest]
19:39:40.131 [main] DEBUG org.springframework.context.annotation.ClassPathScanningCandidateComponentProvider - Identified candidate component class: file [/Users/kuri/Desktop/Burger-Map/target/classes/com/burger/Application.class]
19:39:40.132 [main] INFO org.springframework.boot.test.context.SpringBootTestContextBootstrapper - Found @SpringBootConfiguration com.burger.Application for test class com.burger.mapper.MomsTouchMapperTest
19:39:40.213 [main] DEBUG org.springframework.boot.test.context.SpringBootTestContextBootstrapper - @TestExecutionListeners is not present for class [com.burger.mapper.MomsTouchMapperTest]: using defaults.
19:39:40.213 [main] INFO org.springframework.boot.test.context.SpringBootTestContextBootstrapper - Loaded default TestExecutionListener class names from location [META-INF/spring.factories]: [org.springframework.boot.test.mock.mockito.MockitoTestExecutionListener, org.springframework.boot.test.mock.mockito.ResetMocksTestExecutionListener, org.springframework.boot.test.autoconfigure.restdocs.RestDocsTestExecutionListener, org.springframework.boot.test.autoconfigure.web.client.MockRestServiceServerResetTestExecutionListener, org.springframework.boot.test.autoconfigure.web.servlet.MockMvcPrintOnlyOnFailureTestExecutionListener, org.springframework.boot.test.autoconfigure.web.servlet.WebDriverTestExecutionListener, org.springframework.boot.test.autoconfigure.webservices.client.MockWebServiceServerTestExecutionListener, org.springframework.test.context.web.ServletTestExecutionListener, org.springframework.test.context.support.DirtiesContextBeforeModesTestExecutionListener, org.springframework.test.context.support.DependencyInjectionTestExecutionListener, org.springframework.test.context.support.DirtiesContextTestExecutionListener, org.springframework.test.context.transaction.TransactionalTestExecutionListener, org.springframework.test.context.jdbc.SqlScriptsTestExecutionListener, org.springframework.test.context.event.EventPublishingTestExecutionListener]
19:39:40.227 [main] INFO org.springframework.boot.test.context.SpringBootTestContextBootstrapper - Using TestExecutionListeners: [org.springframework.test.context.web.ServletTestExecutionListener@429bffaa, org.springframework.test.context.support.DirtiesContextBeforeModesTestExecutionListener@5403f35f, org.springframework.boot.test.mock.mockito.MockitoTestExecutionListener@483f6d77, org.springframework.boot.test.autoconfigure.SpringBootDependencyInjectionTestExecutionListener@7e5afaa6, org.springframework.test.context.support.DirtiesContextTestExecutionListener@63a12c68, org.springframework.test.context.transaction.TransactionalTestExecutionListener@28f3b248, org.springframework.test.context.jdbc.SqlScriptsTestExecutionListener@1b1426f4, org.springframework.test.context.event.EventPublishingTestExecutionListener@32b260fa, org.springframework.boot.test.mock.mockito.ResetMocksTestExecutionListener@581ac8a8, org.springframework.boot.test.autoconfigure.restdocs.RestDocsTestExecutionListener@6d4e5011, org.springframework.boot.test.autoconfigure.web.client.MockRestServiceServerResetTestExecutionListener@57d7f8ca, org.springframework.boot.test.autoconfigure.web.servlet.MockMvcPrintOnlyOnFailureTestExecutionListener@76c3e77a, org.springframework.boot.test.autoconfigure.web.servlet.WebDriverTestExecutionListener@78123e82, org.springframework.boot.test.autoconfigure.webservices.client.MockWebServiceServerTestExecutionListener@67c33749]
19:39:40.229 [main] DEBUG org.springframework.test.context.support.AbstractDirtiesContextTestExecutionListener - Before test class: context [DefaultTestContext@4d465b11 testClass = MomsTouchMapperTest, testInstance = [null], testMethod = [null], testException = [null], mergedContextConfiguration = [WebMergedContextConfiguration@53fdffa1 testClass = MomsTouchMapperTest, locations = '{}', classes = '{class com.burger.Application}', contextInitializerClasses = '[]', activeProfiles = '{}', propertySourceLocations = '{}', propertySourceProperties = '{org.springframework.boot.test.context.SpringBootTestContextBootstrapper=true}', contextCustomizers = set[org.springframework.boot.test.context.filter.ExcludeFilterContextCustomizer@78dd667e, org.springframework.boot.test.json.DuplicateJsonObjectContextCustomizerFactory$DuplicateJsonObjectContextCustomizer@78b729e6, org.springframework.boot.test.mock.mockito.MockitoContextCustomizer@0, org.springframework.boot.test.web.client.TestRestTemplateContextCustomizer@2805c96b, org.springframework.boot.test.autoconfigure.properties.PropertyMappingContextCustomizer@0, org.springframework.boot.test.autoconfigure.web.servlet.WebDriverContextCustomizerFactory$Customizer@147ed70f, org.springframework.boot.test.context.SpringBootTestArgs@1], resourceBasePath = 'src/main/webapp', contextLoader = 'org.springframework.boot.test.context.SpringBootContextLoader', parent = [null]], attributes = map['org.springframework.test.context.web.ServletTestExecutionListener.activateListener' -> true]], class annotated with @DirtiesContext [false] with mode [null].
]]></system-out>
  </testcase>
</testsuite>